#
# There is insufficient memory for the Java Runtime Environment to continue.
# Native memory allocation (malloc) failed to allocate 32744 bytes for ChunkPool::allocate
# Possible reasons:
#   The system is out of physical RAM or swap space
#   The process is running with CompressedOops enabled, and the Java Heap may be blocking the growth of the native heap
# Possible solutions:
#   Reduce memory load on the system
#   Increase physical memory or swap space
#   Check if swap backing store is full
#   Decrease Java heap size (-Xmx/-Xms)
#   Decrease number of Java threads
#   Decrease Java thread stack sizes (-Xss)
#   Set larger code cache with -XX:ReservedCodeCacheSize=
#   JVM is running with Unscaled Compressed Oops mode in which the Java heap is
#     placed in the first 4GB address space. The Java Heap base address is the
#     maximum limit for the native heap growth. Please use -XX:HeapBaseMinAddress
#     to set the Java Heap base and to place the Java Heap above 4GB virtual address.
# This output file may be truncated or incomplete.
#
#  Out of Memory Error (t:/workspace/open/src/hotspot/share/memory/arena.cpp:79), pid=3068, tid=736
#
# JRE version: Java(TM) SE Runtime Environment (14.0+36) (build 14+36-1461)
# Java VM: Java HotSpot(TM) 64-Bit Server VM (14+36-1461, mixed mode, sharing, tiered, compressed oops, g1 gc, windows-amd64)
# No core dump will be written. Minidumps are not enabled by default on client versions of Windows
#

---------------  S U M M A R Y ------------

Command Line: -Xmx64m -Xms64m -Dorg.gradle.appname=gradlew org.gradle.wrapper.GradleWrapperMain assembleRelease

Host: Intel(R) Celeron(R) N4020 CPU @ 1.10GHz, 2 cores, 3G,  Windows 10 , 64 bit Build 19041 (10.0.19041.1023)
Time: Fri May 13 00:23:35 2022 E. Africa Standard Time elapsed time: 249 seconds (0d 0h 4m 9s)

---------------  T H R E A D  ---------------

Current thread (0x000001ea6cc2d000):  JavaThread "C2 CompilerThread0" daemon [_thread_in_native, id=736, stack(0x0000000bf5a00000,0x0000000bf5b00000)]


Current CompileTask:
C2: 249853 1729 %     4       sun.nio.cs.SingleByte$Encoder::encodeArrayLoop @ 70 (233 bytes)

Stack: [0x0000000bf5a00000,0x0000000bf5b00000]
Native frames: (J=compiled Java code, j=interpreted, Vv=VM code, C=native code)
V  [jvm.dll+0x5f83ea]
V  [jvm.dll+0x741e2a]
V  [jvm.dll+0x7435df]
V  [jvm.dll+0x743c23]
V  [jvm.dll+0x20d268]
V  [jvm.dll+0xabea6]
V  [jvm.dll+0xac1fc]
V  [jvm.dll+0x1ad15f]
V  [jvm.dll+0x1ae06d]
V  [jvm.dll+0x1ad4ce]
V  [jvm.dll+0x19d082]
V  [jvm.dll+0x107f13]
V  [jvm.dll+0x274313]
V  [jvm.dll+0x275dd5]
V  [jvm.dll+0x60fbf8]
V  [jvm.dll+0x60787f]
V  [jvm.dll+0x606eec]
V  [jvm.dll+0x604dcd]
V  [jvm.dll+0x17a3dc]
V  [jvm.dll+0x275e56]
V  [jvm.dll+0x60fbf8]
V  [jvm.dll+0x60787f]
V  [jvm.dll+0x606eec]
V  [jvm.dll+0x604dcd]
V  [jvm.dll+0x17a3dc]
V  [jvm.dll+0x1e4d35]
V  [jvm.dll+0x1779cc]
V  [jvm.dll+0x1f40e5]
V  [jvm.dll+0x1f22cb]
V  [jvm.dll+0x706a7d]
V  [jvm.dll+0x6ff89a]
V  [jvm.dll+0x5f72a6]
C  [ucrtbase.dll+0x21bb2]
C  [KERNEL32.DLL+0x17034]
C  [ntdll.dll+0x52651]


---------------  P R O C E S S  ---------------

Threads class SMR info:
_java_thread_list=0x000001ea6db4db50, length=14, elements={
0x000001ea52a27000, 0x000001ea52afb800, 0x000001ea52afd800, 0x000001ea6cc24000,
0x000001ea6cc27000, 0x000001ea6cc2c000, 0x000001ea6cc2d000, 0x000001ea6cc34800,
0x000001ea6cc4b800, 0x000001ea6cc11800, 0x000001ea6cc14000, 0x000001ea6cc0f000,
0x000001ea6cc13000, 0x000001ea6cc0e000
}

Java Threads: ( => current thread )
  0x000001ea52a27000 JavaThread "main" [_thread_in_native, id=2564, stack(0x0000000bf4e00000,0x0000000bf4f00000)]
  0x000001ea52afb800 JavaThread "Reference Handler" daemon [_thread_blocked, id=6596, stack(0x0000000bf5500000,0x0000000bf5600000)]
  0x000001ea52afd800 JavaThread "Finalizer" daemon [_thread_blocked, id=6040, stack(0x0000000bf5600000,0x0000000bf5700000)]
  0x000001ea6cc24000 JavaThread "Signal Dispatcher" daemon [_thread_blocked, id=5048, stack(0x0000000bf5700000,0x0000000bf5800000)]
  0x000001ea6cc27000 JavaThread "Attach Listener" daemon [_thread_blocked, id=2896, stack(0x0000000bf5800000,0x0000000bf5900000)]
  0x000001ea6cc2c000 JavaThread "Service Thread" daemon [_thread_blocked, id=8828, stack(0x0000000bf5900000,0x0000000bf5a00000)]
=>0x000001ea6cc2d000 JavaThread "C2 CompilerThread0" daemon [_thread_in_native, id=736, stack(0x0000000bf5a00000,0x0000000bf5b00000)]
  0x000001ea6cc34800 JavaThread "C1 CompilerThread0" daemon [_thread_blocked, id=8384, stack(0x0000000bf5b00000,0x0000000bf5c00000)]
  0x000001ea6cc4b800 JavaThread "Sweeper thread" daemon [_thread_blocked, id=8460, stack(0x0000000bf5c00000,0x0000000bf5d00000)]
  0x000001ea6cc11800 JavaThread "Notification Thread" daemon [_thread_blocked, id=10076, stack(0x0000000bf5d00000,0x0000000bf5e00000)]
  0x000001ea6cc14000 JavaThread "Common-Cleaner" daemon [_thread_blocked, id=8324, stack(0x0000000bf5f00000,0x0000000bf6000000)]
  0x000001ea6cc0f000 JavaThread "pool-1-thread-1" [_thread_blocked, id=9568, stack(0x0000000bf6100000,0x0000000bf6200000)]
  0x000001ea6cc13000 JavaThread "DisconnectableInputStream source reader" daemon [_thread_in_native, id=3988, stack(0x0000000bf6300000,0x0000000bf6400000)]
  0x000001ea6cc0e000 JavaThread "Forward input" [_thread_blocked, id=9824, stack(0x0000000bf6400000,0x0000000bf6500000)]

Other Threads:
  0x000001ea52afa800 VMThread "VM Thread" [stack: 0x0000000bf5400000,0x0000000bf5500000] [id=1356]
  0x000001ea6ce8e800 WatcherThread [stack: 0x0000000bf5e00000,0x0000000bf5f00000] [id=6200]
  0x000001ea52a44800 GCTaskThread "GC Thread#0" [stack: 0x0000000bf4f00000,0x0000000bf5000000] [id=3252]
  0x000001ea6d005000 GCTaskThread "GC Thread#1" [stack: 0x0000000bf6000000,0x0000000bf6100000] [id=9072]
  0x000001ea52a48800 ConcurrentGCThread "G1 Main Marker" [stack: 0x0000000bf5000000,0x0000000bf5100000] [id=3788]
  0x000001ea52a4b000 ConcurrentGCThread "G1 Conc#0" [stack: 0x0000000bf5100000,0x0000000bf5200000] [id=9620]
  0x000001ea52a96000 ConcurrentGCThread "G1 Refine#0" [stack: 0x0000000bf5200000,0x0000000bf5300000] [id=6840]
  0x000001ea52a97800 ConcurrentGCThread "G1 Young RemSet Sampling" [stack: 0x0000000bf5300000,0x0000000bf5400000] [id=7756]

Threads with active compile tasks:
C2 CompilerThread0   250156 1729 %     4       sun.nio.cs.SingleByte$Encoder::encodeArrayLoop @ 70 (233 bytes)

VM state:not at safepoint (normal execution)

VM Mutex/Monitor currently owned by a thread: None

Heap address: 0x00000000fc000000, size: 64 MB, Compressed Oops mode: 32-bit
Narrow klass base: 0x0000000800000000, Narrow klass shift: 3
Compressed class space size: 1073741824 Address: 0x0000000800b30000

Heap:
 garbage-first heap   total 65536K, used 20441K [0x00000000fc000000, 0x0000000100000000)
  region size 1024K, 14 young (14336K), 3 survivors (3072K)
 Metaspace       used 9640K, capacity 10086K, committed 10368K, reserved 1058816K
  class space    used 1265K, capacity 1372K, committed 1408K, reserved 1048576K
Heap Regions: E=young(eden), S=young(survivor), O=old, HS=humongous(starts), HC=humongous(continues), CS=collection set, F=free, OA=open archive, CA=closed archive, TAMS=top-at-mark-start (previous, next)
|   0|0x00000000fc000000, 0x00000000fc100000, 0x00000000fc100000|100%| O|  |TAMS 0x00000000fc000000, 0x00000000fc000000| Untracked 
|   1|0x00000000fc100000, 0x00000000fc200000, 0x00000000fc200000|100%|HS|  |TAMS 0x00000000fc100000, 0x00000000fc100000| Complete 
|   2|0x00000000fc200000, 0x00000000fc300000, 0x00000000fc300000|100%|HC|  |TAMS 0x00000000fc200000, 0x00000000fc200000| Complete 
|   3|0x00000000fc300000, 0x00000000fc400000, 0x00000000fc400000|100%|HC|  |TAMS 0x00000000fc300000, 0x00000000fc300000| Complete 
|   4|0x00000000fc400000, 0x00000000fc500000, 0x00000000fc500000|100%| O|  |TAMS 0x00000000fc400000, 0x00000000fc400000| Untracked 
|   5|0x00000000fc500000, 0x00000000fc600000, 0x00000000fc600000|100%| O|  |TAMS 0x00000000fc500000, 0x00000000fc500000| Untracked 
|   6|0x00000000fc600000, 0x00000000fc700000, 0x00000000fc700000|100%| O|  |TAMS 0x00000000fc600000, 0x00000000fc600000| Untracked 
|   7|0x00000000fc700000, 0x00000000fc7eda00, 0x00000000fc800000| 92%| O|  |TAMS 0x00000000fc700000, 0x00000000fc700000| Untracked 
|   8|0x00000000fc800000, 0x00000000fc800000, 0x00000000fc900000|  0%| F|  |TAMS 0x00000000fc800000, 0x00000000fc800000| Untracked 
|   9|0x00000000fc900000, 0x00000000fc900000, 0x00000000fca00000|  0%| F|  |TAMS 0x00000000fc900000, 0x00000000fc900000| Untracked 
|  10|0x00000000fca00000, 0x00000000fca00000, 0x00000000fcb00000|  0%| F|  |TAMS 0x00000000fca00000, 0x00000000fca00000| Untracked 
|  11|0x00000000fcb00000, 0x00000000fcb00000, 0x00000000fcc00000|  0%| F|  |TAMS 0x00000000fcb00000, 0x00000000fcb00000| Untracked 
|  12|0x00000000fcc00000, 0x00000000fcc00000, 0x00000000fcd00000|  0%| F|  |TAMS 0x00000000fcc00000, 0x00000000fcc00000| Untracked 
|  13|0x00000000fcd00000, 0x00000000fcd00000, 0x00000000fce00000|  0%| F|  |TAMS 0x00000000fcd00000, 0x00000000fcd00000| Untracked 
|  14|0x00000000fce00000, 0x00000000fce00000, 0x00000000fcf00000|  0%| F|  |TAMS 0x00000000fce00000, 0x00000000fce00000| Untracked 
|  15|0x00000000fcf00000, 0x00000000fcf00000, 0x00000000fd000000|  0%| F|  |TAMS 0x00000000fcf00000, 0x00000000fcf00000| Untracked 
|  16|0x00000000fd000000, 0x00000000fd000000, 0x00000000fd100000|  0%| F|  |TAMS 0x00000000fd000000, 0x00000000fd000000| Untracked 
|  17|0x00000000fd100000, 0x00000000fd100000, 0x00000000fd200000|  0%| F|  |TAMS 0x00000000fd100000, 0x00000000fd100000| Untracked 
|  18|0x00000000fd200000, 0x00000000fd200000, 0x00000000fd300000|  0%| F|  |TAMS 0x00000000fd200000, 0x00000000fd200000| Untracked 
|  19|0x00000000fd300000, 0x00000000fd300000, 0x00000000fd400000|  0%| F|  |TAMS 0x00000000fd300000, 0x00000000fd300000| Untracked 
|  20|0x00000000fd400000, 0x00000000fd400000, 0x00000000fd500000|  0%| F|  |TAMS 0x00000000fd400000, 0x00000000fd400000| Untracked 
|  21|0x00000000fd500000, 0x00000000fd500000, 0x00000000fd600000|  0%| F|  |TAMS 0x00000000fd500000, 0x00000000fd500000| Untracked 
|  22|0x00000000fd600000, 0x00000000fd600000, 0x00000000fd700000|  0%| F|  |TAMS 0x00000000fd600000, 0x00000000fd600000| Untracked 
|  23|0x00000000fd700000, 0x00000000fd700000, 0x00000000fd800000|  0%| F|  |TAMS 0x00000000fd700000, 0x00000000fd700000| Untracked 
|  24|0x00000000fd800000, 0x00000000fd800000, 0x00000000fd900000|  0%| F|  |TAMS 0x00000000fd800000, 0x00000000fd800000| Untracked 
|  25|0x00000000fd900000, 0x00000000fd900000, 0x00000000fda00000|  0%| F|  |TAMS 0x00000000fd900000, 0x00000000fd900000| Untracked 
|  26|0x00000000fda00000, 0x00000000fda00000, 0x00000000fdb00000|  0%| F|  |TAMS 0x00000000fda00000, 0x00000000fda00000| Untracked 
|  27|0x00000000fdb00000, 0x00000000fdb00000, 0x00000000fdc00000|  0%| F|  |TAMS 0x00000000fdb00000, 0x00000000fdb00000| Untracked 
|  28|0x00000000fdc00000, 0x00000000fdc00000, 0x00000000fdd00000|  0%| F|  |TAMS 0x00000000fdc00000, 0x00000000fdc00000| Untracked 
|  29|0x00000000fdd00000, 0x00000000fdd00000, 0x00000000fde00000|  0%| F|  |TAMS 0x00000000fdd00000, 0x00000000fdd00000| Untracked 
|  30|0x00000000fde00000, 0x00000000fde00000, 0x00000000fdf00000|  0%| F|  |TAMS 0x00000000fde00000, 0x00000000fde00000| Untracked 
|  31|0x00000000fdf00000, 0x00000000fdf00000, 0x00000000fe000000|  0%| F|  |TAMS 0x00000000fdf00000, 0x00000000fdf00000| Untracked 
|  32|0x00000000fe000000, 0x00000000fe000000, 0x00000000fe100000|  0%| F|  |TAMS 0x00000000fe000000, 0x00000000fe000000| Untracked 
|  33|0x00000000fe100000, 0x00000000fe100000, 0x00000000fe200000|  0%| F|  |TAMS 0x00000000fe100000, 0x00000000fe100000| Untracked 
|  34|0x00000000fe200000, 0x00000000fe200000, 0x00000000fe300000|  0%| F|  |TAMS 0x00000000fe200000, 0x00000000fe200000| Untracked 
|  35|0x00000000fe300000, 0x00000000fe300000, 0x00000000fe400000|  0%| F|  |TAMS 0x00000000fe300000, 0x00000000fe300000| Untracked 
|  36|0x00000000fe400000, 0x00000000fe400000, 0x00000000fe500000|  0%| F|  |TAMS 0x00000000fe400000, 0x00000000fe400000| Untracked 
|  37|0x00000000fe500000, 0x00000000fe500000, 0x00000000fe600000|  0%| F|  |TAMS 0x00000000fe500000, 0x00000000fe500000| Untracked 
|  38|0x00000000fe600000, 0x00000000fe600000, 0x00000000fe700000|  0%| F|  |TAMS 0x00000000fe600000, 0x00000000fe600000| Untracked 
|  39|0x00000000fe700000, 0x00000000fe700000, 0x00000000fe800000|  0%| F|  |TAMS 0x00000000fe700000, 0x00000000fe700000| Untracked 
|  40|0x00000000fe800000, 0x00000000fe808a70, 0x00000000fe900000|  3%| S|CS|TAMS 0x00000000fe800000, 0x00000000fe800000| Complete 
|  41|0x00000000fe900000, 0x00000000fea00000, 0x00000000fea00000|100%| S|CS|TAMS 0x00000000fe900000, 0x00000000fe900000| Complete 
|  42|0x00000000fea00000, 0x00000000feb00000, 0x00000000feb00000|100%| S|CS|TAMS 0x00000000fea00000, 0x00000000fea00000| Complete 
|  43|0x00000000feb00000, 0x00000000feb00000, 0x00000000fec00000|  0%| F|  |TAMS 0x00000000feb00000, 0x00000000feb00000| Untracked 
|  44|0x00000000fec00000, 0x00000000fec00000, 0x00000000fed00000|  0%| F|  |TAMS 0x00000000fec00000, 0x00000000fec00000| Untracked 
|  45|0x00000000fed00000, 0x00000000fed00000, 0x00000000fee00000|  0%| F|  |TAMS 0x00000000fed00000, 0x00000000fed00000| Untracked 
|  46|0x00000000fee00000, 0x00000000fee00000, 0x00000000fef00000|  0%| F|  |TAMS 0x00000000fee00000, 0x00000000fee00000| Untracked 
|  47|0x00000000fef00000, 0x00000000fef00000, 0x00000000ff000000|  0%| F|  |TAMS 0x00000000fef00000, 0x00000000fef00000| Untracked 
|  48|0x00000000ff000000, 0x00000000ff000000, 0x00000000ff100000|  0%| F|  |TAMS 0x00000000ff000000, 0x00000000ff000000| Untracked 
|  49|0x00000000ff100000, 0x00000000ff100000, 0x00000000ff200000|  0%| F|  |TAMS 0x00000000ff100000, 0x00000000ff100000| Untracked 
|  50|0x00000000ff200000, 0x00000000ff200000, 0x00000000ff300000|  0%| F|  |TAMS 0x00000000ff200000, 0x00000000ff200000| Untracked 
|  51|0x00000000ff300000, 0x00000000ff300000, 0x00000000ff400000|  0%| F|  |TAMS 0x00000000ff300000, 0x00000000ff300000| Untracked 
|  52|0x00000000ff400000, 0x00000000ff400000, 0x00000000ff500000|  0%| F|  |TAMS 0x00000000ff400000, 0x00000000ff400000| Untracked 
|  53|0x00000000ff500000, 0x00000000ff5fa1a0, 0x00000000ff600000| 97%| E|  |TAMS 0x00000000ff500000, 0x00000000ff500000| Complete 
|  54|0x00000000ff600000, 0x00000000ff700000, 0x00000000ff700000|100%| E|CS|TAMS 0x00000000ff600000, 0x00000000ff600000| Complete 
|  55|0x00000000ff700000, 0x00000000ff800000, 0x00000000ff800000|100%| E|CS|TAMS 0x00000000ff700000, 0x00000000ff700000| Complete 
|  56|0x00000000ff800000, 0x00000000ff900000, 0x00000000ff900000|100%| E|CS|TAMS 0x00000000ff800000, 0x00000000ff800000| Complete 
|  57|0x00000000ff900000, 0x00000000ffa00000, 0x00000000ffa00000|100%| E|CS|TAMS 0x00000000ff900000, 0x00000000ff900000| Complete 
|  58|0x00000000ffa00000, 0x00000000ffb00000, 0x00000000ffb00000|100%| E|CS|TAMS 0x00000000ffa00000, 0x00000000ffa00000| Complete 
|  59|0x00000000ffb00000, 0x00000000ffc00000, 0x00000000ffc00000|100%| E|CS|TAMS 0x00000000ffb00000, 0x00000000ffb00000| Complete 
|  60|0x00000000ffc00000, 0x00000000ffd00000, 0x00000000ffd00000|100%| E|CS|TAMS 0x00000000ffc00000, 0x00000000ffc00000| Complete 
|  61|0x00000000ffd00000, 0x00000000ffe00000, 0x00000000ffe00000|100%| E|CS|TAMS 0x00000000ffd00000, 0x00000000ffd00000| Complete 
|  62|0x00000000ffe00000, 0x00000000fff00000, 0x00000000fff00000|100%| E|CS|TAMS 0x00000000ffe00000, 0x00000000ffe00000| Complete 
|  63|0x00000000fff00000, 0x0000000100000000, 0x0000000100000000|100%| E|CS|TAMS 0x00000000fff00000, 0x00000000fff00000| Complete 

Card table byte_map: [0x000001ea50950000,0x000001ea50970000] _byte_map_base: 0x000001ea50170000

Marking Bits (Prev, Next): (CMBitMap*) 0x000001ea52a47098, (CMBitMap*) 0x000001ea52a470d8
 Prev Bits: [0x000001ea52640000, 0x000001ea52740000)
 Next Bits: [0x000001ea52740000, 0x000001ea52840000)

Polling page: 0x000001ea508f0000

Metaspace:

Usage:
  Non-class:      8.51 MB capacity,     8.18 MB ( 96%) used,   320.16 KB (  4%) free+waste,    18.13 KB ( <1%) overhead. 
      Class:      1.34 MB capacity,     1.24 MB ( 92%) used,    96.36 KB (  7%) free+waste,    10.56 KB ( <1%) overhead. 
       Both:      9.85 MB capacity,     9.41 MB ( 96%) used,   416.52 KB (  4%) free+waste,    28.69 KB ( <1%) overhead. 

Virtual space:
  Non-class space:       10.00 MB reserved,       8.75 MB ( 88%) committed 
      Class space:        1.00 GB reserved,       1.38 MB ( <1%) committed 
             Both:        1.01 GB reserved,      10.13 MB ( <1%) committed 

Chunk freelists:
   Non-Class:  54.00 KB
       Class:  4.00 KB
        Both:  58.00 KB

MaxMetaspaceSize: 17179869184.00 GB
CompressedClassSpaceSize: 1.00 GB

CodeHeap 'non-profiled nmethods': size=120064Kb used=628Kb max_used=628Kb free=119435Kb
 bounds [0x000001ea62ca0000, 0x000001ea62f10000, 0x000001ea6a1e0000]
CodeHeap 'profiled nmethods': size=120000Kb used=3499Kb max_used=3499Kb free=116501Kb
 bounds [0x000001ea5b770000, 0x000001ea5bae0000, 0x000001ea62ca0000]
CodeHeap 'non-nmethods': size=5696Kb used=1198Kb max_used=1215Kb free=4497Kb
 bounds [0x000001ea5b1e0000, 0x000001ea5b450000, 0x000001ea5b770000]
 total_blobs=2878 nmethods=1728 adapters=370
 compilation: enabled
              stopped_count=0, restarted_count=0
 full_count=0

Compilation events (20 events):
Event: 246.857 Thread 0x000001ea6cc2d000 1719       4       org.gradle.internal.logging.text.AbstractLineChoppingStyledTextOutput$1::execute (140 bytes)
Event: 246.857 Thread 0x000001ea6cc34800 nmethod 1720 0x000001ea5bad8410 code [0x000001ea5bad8600, 0x000001ea5bad8b08]
Event: 246.863 Thread 0x000001ea6cc34800 1723       3       org.gradle.internal.logging.console.DefaultRedrawableLabel::newLineAdjustment (14 bytes)
Event: 246.863 Thread 0x000001ea6cc34800 nmethod 1723 0x000001ea5bad8d10 code [0x000001ea5bad8ea0, 0x000001ea5bad8fd8]
Event: 246.864 Thread 0x000001ea6cc34800 1724       1       org.gradle.internal.logging.text.AbstractLineChoppingStyledTextOutput::access$100 (5 bytes)
Event: 246.864 Thread 0x000001ea6cc34800 nmethod 1724 0x000001ea62d3a210 code [0x000001ea62d3a3a0, 0x000001ea62d3a438]
Event: 246.864 Thread 0x000001ea6cc34800 1725       1       org.gradle.internal.logging.text.AbstractLineChoppingStyledTextOutput::access$200 (5 bytes)
Event: 246.864 Thread 0x000001ea6cc34800 nmethod 1725 0x000001ea62d3a510 code [0x000001ea62d3a6a0, 0x000001ea62d3a738]
Event: 246.864 Thread 0x000001ea6cc34800 1726       1       org.gradle.internal.logging.text.AbstractLineChoppingStyledTextOutput::access$300 (5 bytes)
Event: 246.864 Thread 0x000001ea6cc34800 nmethod 1726 0x000001ea62d3a810 code [0x000001ea62d3a9a0, 0x000001ea62d3aa38]
Event: 246.865 Thread 0x000001ea6cc34800 1727       3       org.gradle.internal.logging.console.DefaultRedrawableLabel::isOverlappingWith (34 bytes)
Event: 246.866 Thread 0x000001ea6cc34800 nmethod 1727 0x000001ea5bad9090 code [0x000001ea5bad9220, 0x000001ea5bad93f8]
Event: 246.867 Thread 0x000001ea6cc2d000 nmethod 1719 0x000001ea62d3ab10 code [0x000001ea62d3ae20, 0x000001ea62d3b810]
Event: 246.867 Thread 0x000001ea6cc2d000 1721       4       org.gradle.internal.logging.text.AbstractLineChoppingStyledTextOutput$2::execute (77 bytes)
Event: 246.876 Thread 0x000001ea6cc34800 1728       3       org.gradle.internal.logging.text.AbstractLineChoppingStyledTextOutput$StateContext::flushLineText (113 bytes)
Event: 246.876 Thread 0x000001ea6cc2d000 nmethod 1721 0x000001ea62d3be10 code [0x000001ea62d3c0e0, 0x000001ea62d3c8b0]
Event: 246.876 Thread 0x000001ea6cc2d000 1722       4       org.gradle.internal.logging.text.AbstractLineChoppingStyledTextOutput$1::execute (9 bytes)
Event: 246.877 Thread 0x000001ea6cc2d000 nmethod 1722 0x000001ea62d3cd90 code [0x000001ea62d3cf40, 0x000001ea62d3d048]
Event: 246.877 Thread 0x000001ea6cc34800 nmethod 1728 0x000001ea5bad9510 code [0x000001ea5bad97e0, 0x000001ea5bada658]
Event: 249.749 Thread 0x000001ea6cc2d000 1729 %     4       sun.nio.cs.SingleByte$Encoder::encodeArrayLoop @ 70 (233 bytes)

GC Heap History (8 events):
Event: 0.366 GC heap before
{Heap before GC invocations=0 (full 0):
 garbage-first heap   total 65536K, used 6144K [0x00000000fc000000, 0x0000000100000000)
  region size 1024K, 6 young (6144K), 0 survivors (0K)
 Metaspace       used 1505K, capacity 4955K, committed 5120K, reserved 1056768K
  class space    used 149K, capacity 480K, committed 512K, reserved 1048576K
}
Event: 0.372 GC heap after
{Heap after GC invocations=1 (full 0):
 garbage-first heap   total 65536K, used 1514K [0x00000000fc000000, 0x0000000100000000)
  region size 1024K, 1 young (1024K), 1 survivors (1024K)
 Metaspace       used 1505K, capacity 4955K, committed 5120K, reserved 1056768K
  class space    used 149K, capacity 480K, committed 512K, reserved 1048576K
}
Event: 0.592 GC heap before
{Heap before GC invocations=1 (full 0):
 garbage-first heap   total 65536K, used 9706K [0x00000000fc000000, 0x0000000100000000)
  region size 1024K, 7 young (7168K), 1 survivors (1024K)
 Metaspace       used 1712K, capacity 4975K, committed 5120K, reserved 1056768K
  class space    used 160K, capacity 488K, committed 512K, reserved 1048576K
}
Event: 0.595 GC heap after
{Heap after GC invocations=2 (full 0):
 garbage-first heap   total 65536K, used 3023K [0x00000000fc000000, 0x0000000100000000)
  region size 1024K, 1 young (1024K), 1 survivors (1024K)
 Metaspace       used 1712K, capacity 4975K, committed 5120K, reserved 1056768K
  class space    used 160K, capacity 488K, committed 512K, reserved 1048576K
}
Event: 0.986 GC heap before
{Heap before GC invocations=2 (full 0):
 garbage-first heap   total 65536K, used 15311K [0x00000000fc000000, 0x0000000100000000)
  region size 1024K, 11 young (11264K), 1 survivors (1024K)
 Metaspace       used 3562K, capacity 6168K, committed 6400K, reserved 1056768K
  class space    used 451K, capacity 738K, committed 768K, reserved 1048576K
}
Event: 0.992 GC heap after
{Heap after GC invocations=3 (full 0):
 garbage-first heap   total 65536K, used 9285K [0x00000000fc000000, 0x0000000100000000)
  region size 1024K, 2 young (2048K), 2 survivors (2048K)
 Metaspace       used 3562K, capacity 6168K, committed 6400K, reserved 1056768K
  class space    used 451K, capacity 738K, committed 768K, reserved 1048576K
}
Event: 1.988 GC heap before
{Heap before GC invocations=3 (full 0):
 garbage-first heap   total 65536K, used 28741K [0x00000000fc000000, 0x0000000100000000)
  region size 1024K, 21 young (21504K), 2 survivors (2048K)
 Metaspace       used 7575K, capacity 9148K, committed 9216K, reserved 1056768K
  class space    used 1077K, capacity 1249K, committed 1280K, reserved 1048576K
}
Event: 1.997 GC heap after
{Heap after GC invocations=4 (full 0):
 garbage-first heap   total 65536K, used 10201K [0x00000000fc000000, 0x0000000100000000)
  region size 1024K, 3 young (3072K), 3 survivors (3072K)
 Metaspace       used 7575K, capacity 9148K, committed 9216K, reserved 1056768K
  class space    used 1077K, capacity 1249K, committed 1280K, reserved 1048576K
}

Deoptimization events (20 events):
Event: 2.310 Thread 0x000001ea6cc10800 Uncommon trap: trap_request=0xffffff45 fr.pc=0x000001ea62cddda0 relative=0x0000000000000480
Event: 2.310 Thread 0x000001ea6cc10800 Uncommon trap: reason=unstable_if action=reinterpret pc=0x000001ea62cddda0 method=java.lang.AbstractStringBuilder.putStringAt(ILjava/lang/String;)V @ 8 c2
Event: 2.310 Thread 0x000001ea6cc10800 DEOPT PACKING pc=0x000001ea62cddda0 sp=0x0000000bf62fe6d0
Event: 2.310 Thread 0x000001ea6cc10800 DEOPT UNPACKING pc=0x000001ea5b229429 sp=0x0000000bf62fe640 mode 2
Event: 2.310 Thread 0x000001ea6cc10800 Uncommon trap: trap_request=0xffffff45 fr.pc=0x000001ea62cd4788 relative=0x0000000000000068
Event: 2.310 Thread 0x000001ea6cc10800 Uncommon trap: reason=unstable_if action=reinterpret pc=0x000001ea62cd4788 method=java.lang.AbstractStringBuilder.isLatin1()Z @ 10 c2
Event: 2.310 Thread 0x000001ea6cc10800 DEOPT PACKING pc=0x000001ea62cd4788 sp=0x0000000bf62fe5e0
Event: 2.310 Thread 0x000001ea6cc10800 DEOPT UNPACKING pc=0x000001ea5b229429 sp=0x0000000bf62fe570 mode 2
Event: 2.310 Thread 0x000001ea6cc10800 Uncommon trap: trap_request=0xffffff45 fr.pc=0x000001ea62cd1130 relative=0x00000000000000f0
Event: 2.310 Thread 0x000001ea6cc10800 Uncommon trap: reason=unstable_if action=reinterpret pc=0x000001ea62cd1130 method=java.lang.String.getBytes([BIB)V @ 5 c2
Event: 2.310 Thread 0x000001ea6cc10800 DEOPT PACKING pc=0x000001ea62cd1130 sp=0x0000000bf62fe5f0
Event: 2.310 Thread 0x000001ea6cc10800 DEOPT UNPACKING pc=0x000001ea5b229429 sp=0x0000000bf62fe5b8 mode 2
Event: 2.310 Thread 0x000001ea6cc10800 Uncommon trap: trap_request=0xffffff45 fr.pc=0x000001ea62d03c4c relative=0x000000000000036c
Event: 2.310 Thread 0x000001ea6cc10800 Uncommon trap: reason=unstable_if action=reinterpret pc=0x000001ea62d03c4c method=java.lang.AbstractStringBuilder.isLatin1()Z @ 10 c2
Event: 2.310 Thread 0x000001ea6cc10800 DEOPT PACKING pc=0x000001ea62d03c4c sp=0x0000000bf62fe750
Event: 2.310 Thread 0x000001ea6cc10800 DEOPT UNPACKING pc=0x000001ea5b229429 sp=0x0000000bf62fe6d0 mode 2
Event: 5.296 Thread 0x000001ea6cc10800 Uncommon trap: trap_request=0xffffff45 fr.pc=0x000001ea62cabacc relative=0x000000000000008c
Event: 5.296 Thread 0x000001ea6cc10800 Uncommon trap: reason=unstable_if action=reinterpret pc=0x000001ea62cabacc method=java.lang.String.codePointAt(I)I @ 4 c2
Event: 5.296 Thread 0x000001ea6cc10800 DEOPT PACKING pc=0x000001ea62cabacc sp=0x0000000bf62fe650
Event: 5.296 Thread 0x000001ea6cc10800 DEOPT UNPACKING pc=0x000001ea5b229429 sp=0x0000000bf62fe5e8 mode 2

Classes unloaded (0 events):
No events

Classes redefined (0 events):
No events

Internal exceptions (16 events):
Event: 0.215 Thread 0x000001ea52a27000 Exception <a 'java/lang/NoSuchMethodError'{0x00000000ffde4688}: 'int java.lang.invoke.DirectMethodHandle$Holder.invokeStaticInit(java.lang.Object, java.lang.Object)'> (0x00000000ffde4688) 
thrown [t:/workspace/open/src/hotspot/share/interpreter/linkResolver.cpp, line 766]
Event: 0.266 Thread 0x000001ea52a27000 Exception <a 'java/lang/NoSuchMethodError'{0x00000000ffca80c0}: 'int java.lang.invoke.DirectMethodHandle$Holder.invokeSpecial(java.lang.Object, java.lang.Object, java.lang.Object, java.lang.Object)'> (0x00000000ffca80c0) 
thrown [t:/workspace/open/src/hotspot/share/interpreter/linkResolver.cpp, line 766]
Event: 0.277 Thread 0x000001ea52a27000 Exception <a 'java/lang/NoSuchMethodError'{0x00000000ffcde1d8}: 'int java.lang.invoke.DirectMethodHandle$Holder.invokeSpecialIFC(java.lang.Object, java.lang.Object, int)'> (0x00000000ffcde1d8) 
thrown [t:/workspace/open/src/hotspot/share/interpreter/linkResolver.cpp, line 766]
Event: 0.973 Thread 0x000001ea52a27000 Exception <a 'java/lang/NoClassDefFoundError'{0x00000000ff58e8d0}: org/slf4j/impl/StaticMarkerBinder> (0x00000000ff58e8d0) 
thrown [t:/workspace/open/src/hotspot/share/classfile/systemDictionary.cpp, line 215]
Event: 1.051 Thread 0x000001ea52a27000 Exception <a 'java/lang/NoSuchMethodError'{0x00000000fff79d48}: 'java.lang.Object java.lang.invoke.DirectMethodHandle$Holder.invokeVirtual(java.lang.Object, java.lang.Object, java.lang.Object, java.lang.Object, java.lang.Object, java.lang.Object, java.lang.Object)'> (0x00000000fff79d48) 
thrown [t:/workspace/open/src/hotspot/share/interpreter/linkResolver.cpp, line 766]
Event: 1.055 Thread 0x000001ea52a27000 Exception <a 'java/lang/NoSuchMethodError'{0x00000000fff86e58}: 'void java.lang.invoke.DirectMethodHandle$Holder.invokeSpecial(java.lang.Object, java.lang.Object, java.lang.Object, java.lang.Object)'> (0x00000000fff86e58) 
thrown [t:/workspace/open/src/hotspot/share/interpreter/linkResolver.cpp, line 766]
Event: 1.057 Thread 0x000001ea52a27000 Exception <a 'java/lang/NoSuchMethodError'{0x00000000fff8c808}: 'java.lang.Object java.lang.invoke.Invokers$Holder.invoker(java.lang.Object, java.lang.Object, java.lang.Object)'> (0x00000000fff8c808) 
thrown [t:/workspace/open/src/hotspot/share/interpreter/linkResolver.cpp, line 766]
Event: 1.067 Thread 0x000001ea52a27000 Exception <a 'java/lang/NoSuchMethodError'{0x00000000fff9c4b8}: 'void java.lang.invoke.DelegatingMethodHandle$Holder.delegate(java.lang.Object, java.lang.Object, int, java.lang.Object)'> (0x00000000fff9c4b8) 
thrown [t:/workspace/open/src/hotspot/share/interpreter/linkResolver.cpp, line 766]
Event: 1.074 Thread 0x000001ea52a27000 Exception <a 'java/lang/NoSuchMethodError'{0x00000000fffabf98}: 'java.lang.Object java.lang.invoke.Invokers$Holder.invokeExact_MT(java.lang.Object, java.lang.Object, java.lang.Object, java.lang.Object)'> (0x00000000fffabf98) 
thrown [t:/workspace/open/src/hotspot/share/interpreter/linkResolver.cpp, line 766]
Event: 1.220 Thread 0x000001ea52a27000 Exception <a 'java/lang/NoSuchMethodError'{0x00000000ff858790}: 'java.lang.Object java.lang.invoke.DirectMethodHandle$Holder.invokeInterface(java.lang.Object, java.lang.Object, java.lang.Object)'> (0x00000000ff858790) 
thrown [t:/workspace/open/src/hotspot/share/interpreter/linkResolver.cpp, line 766]
Event: 1.336 Thread 0x000001ea52a27000 Exception <a 'java/lang/NoSuchMethodError'{0x00000000ff55cec8}: 'java.lang.Object java.lang.invoke.DirectMethodHandle$Holder.invokeStaticInit(java.lang.Object, java.lang.Object, java.lang.Object)'> (0x00000000ff55cec8) 
thrown [t:/workspace/open/src/hotspot/share/interpreter/linkResolver.cpp, line 766]
Event: 1.472 Thread 0x000001ea52a27000 Exception <a 'java/lang/NoSuchMethodError'{0x00000000feff7c18}: 'java.lang.Object java.lang.invoke.DirectMethodHandle$Holder.invokeStaticInit(java.lang.Object, int, int, int, int)'> (0x00000000feff7c18) 
thrown [t:/workspace/open/src/hotspot/share/interpreter/linkResolver.cpp, line 766]
Event: 1.733 Thread 0x000001ea52a27000 Exception <a 'java/lang/NoSuchMethodError'{0x00000000fee48938}: 'java.lang.Object java.lang.invoke.DirectMethodHandle$Holder.invokeStaticInit(java.lang.Object, java.lang.Object, int, int, int, int)'> (0x00000000fee48938) 
thrown [t:/workspace/open/src/hotspot/share/interpreter/linkResolver.cpp, line 766]
Event: 2.197 Thread 0x000001ea6cc10800 Exception <a 'java/lang/NoSuchMethodError'{0x00000000ffb8f758}: 'void java.lang.invoke.DirectMethodHandle$Holder.invokeStatic(java.lang.Object, long)'> (0x00000000ffb8f758) 
thrown [t:/workspace/open/src/hotspot/share/interpreter/linkResolver.cpp, line 766]
Event: 2.200 Thread 0x000001ea6cc10800 Exception <a 'java/lang/NoSuchMethodError'{0x00000000ffb9a1b0}: 'java.lang.Object java.lang.invoke.DirectMethodHandle$Holder.invokeStaticInit(java.lang.Object, java.lang.Object, long, java.lang.Object)'> (0x00000000ffb9a1b0) 
thrown [t:/workspace/open/src/hotspot/share/interpreter/linkResolver.cpp, line 766]
Event: 2.201 Thread 0x000001ea6cc10800 Exception <a 'java/lang/NoSuchMethodError'{0x00000000ffba01d8}: 'java.lang.Object java.lang.invoke.Invokers$Holder.linkToTargetMethod(java.lang.Object, long, java.lang.Object)'> (0x00000000ffba01d8) 
thrown [t:/workspace/open/src/hotspot/share/interpreter/linkResolver.cpp, line 766]

Events (20 events):
Event: 71.749 loading class java/io/ObjectInputStream$BlockDataInputStream
Event: 71.764 loading class java/io/ObjectInputStream$BlockDataInputStream done
Event: 71.764 loading class java/io/ObjectInputStream$PeekInputStream
Event: 71.764 loading class java/io/ObjectInputStream$PeekInputStream done
Event: 71.764 loading class java/io/ObjectInputStream$HandleTable
Event: 71.764 loading class java/io/ObjectInputStream$HandleTable done
Event: 71.764 loading class java/io/ObjectInputStream$HandleTable$HandleList
Event: 71.764 loading class java/io/ObjectInputStream$HandleTable$HandleList done
Event: 71.764 loading class java/io/ObjectInputStream$ValidationList
Event: 71.764 loading class java/io/ObjectInputStream$ValidationList done
Event: 71.765 loading class java/io/ObjectInputFilter$Config
Event: 71.786 loading class java/io/ObjectInputFilter$Config done
Event: 71.786 loading class java/io/ObjectInputFilter
Event: 71.786 loading class java/io/ObjectInputFilter done
Event: 71.786 loading class jdk/internal/access/JavaObjectInputFilterAccess
Event: 71.786 loading class jdk/internal/access/JavaObjectInputFilterAccess done
Event: 71.787 loading class java/io/Bits
Event: 71.787 loading class java/io/Bits done
Event: 89.048 Executing VM operation: HandshakeAllThreads
Event: 89.061 Executing VM operation: HandshakeAllThreads done


Dynamic libraries:
0x00007ff7dc5b0000 - 0x00007ff7dc5bf000 	C:\Program Files\Java\jdk-14\bin\java.exe
0x00007fff88490000 - 0x00007fff88685000 	C:\Windows\SYSTEM32\ntdll.dll
0x00007fff87ce0000 - 0x00007fff87d9d000 	C:\Windows\System32\KERNEL32.DLL
0x00007fff85e20000 - 0x00007fff860e8000 	C:\Windows\System32\KERNELBASE.dll
0x00007fff85c00000 - 0x00007fff85d00000 	C:\Windows\System32\ucrtbase.dll
0x00007fff81090000 - 0x00007fff810a5000 	C:\Program Files\Java\jdk-14\bin\VCRUNTIME140.dll
0x00007fff81070000 - 0x00007fff81088000 	C:\Program Files\Java\jdk-14\bin\jli.dll
0x00007fff86880000 - 0x00007fff8692c000 	C:\Windows\System32\ADVAPI32.dll
0x00007fff882c0000 - 0x00007fff8835e000 	C:\Windows\System32\msvcrt.dll
0x00007fff87db0000 - 0x00007fff87e4b000 	C:\Windows\System32\sechost.dll
0x00007fff87880000 - 0x00007fff879ab000 	C:\Windows\System32\RPCRT4.dll
0x00007fff866e0000 - 0x00007fff86880000 	C:\Windows\System32\USER32.dll
0x00007fff85d50000 - 0x00007fff85d72000 	C:\Windows\System32\win32u.dll
0x00007fff866b0000 - 0x00007fff866da000 	C:\Windows\System32\GDI32.dll
0x00007fff863f0000 - 0x00007fff864fb000 	C:\Windows\System32\gdi32full.dll
0x00007fff85d80000 - 0x00007fff85e1d000 	C:\Windows\System32\msvcp_win.dll
0x00007fff6ea70000 - 0x00007fff6ed0a000 	C:\Windows\WinSxS\amd64_microsoft.windows.common-controls_6595b64144ccf1df_6.0.19041.1052_none_60b8f8fd71f5e8cb\COMCTL32.dll
0x00007fff7bb70000 - 0x00007fff7bb7a000 	C:\Windows\SYSTEM32\VERSION.dll
0x00007fff87780000 - 0x00007fff877b0000 	C:\Windows\System32\IMM32.DLL
0x00007fff745b0000 - 0x00007fff7464b000 	C:\Program Files\Java\jdk-14\bin\msvcp140.dll
0x00007fff29450000 - 0x00007fff29f6f000 	C:\Program Files\Java\jdk-14\bin\server\jvm.dll
0x00007fff88360000 - 0x00007fff88368000 	C:\Windows\System32\PSAPI.DLL
0x00007fff81020000 - 0x00007fff81029000 	C:\Windows\SYSTEM32\WSOCK32.dll
0x00007fff877b0000 - 0x00007fff8781b000 	C:\Windows\System32\WS2_32.dll
0x00007fff6f070000 - 0x00007fff6f097000 	C:\Windows\SYSTEM32\WINMM.dll
0x00007fff844a0000 - 0x00007fff844b2000 	C:\Windows\SYSTEM32\kernel.appcore.dll
0x00007fff807a0000 - 0x00007fff807aa000 	C:\Program Files\Java\jdk-14\bin\jimage.dll
0x00007fff841c0000 - 0x00007fff843a4000 	C:\Windows\SYSTEM32\DBGHELP.DLL
0x00007fff6e070000 - 0x00007fff6e09c000 	C:\Windows\SYSTEM32\dbgcore.DLL
0x00007fff860f0000 - 0x00007fff86173000 	C:\Windows\System32\bcryptPrimitives.dll
0x00007fff7c270000 - 0x00007fff7c295000 	C:\Program Files\Java\jdk-14\bin\java.dll
0x00007fff7de70000 - 0x00007fff7de87000 	C:\Program Files\Java\jdk-14\bin\zip.dll
0x00007fff86930000 - 0x00007fff8706f000 	C:\Windows\System32\SHELL32.dll
0x00007fff83960000 - 0x00007fff840f0000 	C:\Windows\SYSTEM32\windows.storage.dll
0x00007fff87220000 - 0x00007fff87575000 	C:\Windows\System32\combase.dll
0x00007fff85640000 - 0x00007fff8566c000 	C:\Windows\SYSTEM32\Wldp.dll
0x00007fff87580000 - 0x00007fff8762e000 	C:\Windows\System32\SHCORE.dll
0x00007fff871c0000 - 0x00007fff87215000 	C:\Windows\System32\shlwapi.dll
0x00007fff85b10000 - 0x00007fff85b2f000 	C:\Windows\SYSTEM32\profapi.dll
0x00007fff78b10000 - 0x00007fff78b29000 	C:\Program Files\Java\jdk-14\bin\net.dll
0x00007fff7b2f0000 - 0x00007fff7b3fb000 	C:\Windows\SYSTEM32\WINHTTP.dll
0x00007fff85330000 - 0x00007fff8539a000 	C:\Windows\system32\mswsock.dll
0x00007fff78af0000 - 0x00007fff78b02000 	C:\Program Files\Java\jdk-14\bin\nio.dll
0x00007fff80790000 - 0x00007fff807a0000 	C:\Program Files\Java\jdk-14\bin\verify.dll
0x00007fff78b50000 - 0x00007fff78b77000 	C:\Users\LENOVO\.gradle\native\e1d6ef7f7dcc3fd88c89a11ec53ec762bb8ba0a96d01ffa2cd45eb1d1d8dd5c5\windows-amd64\native-platform.dll
0x00007fff78ca0000 - 0x00007fff78caa000 	C:\Users\LENOVO\.gradle\native\jansi\1.18\windows64\jansi.dll
0x00007fff78bd0000 - 0x00007fff78bd9000 	C:\Program Files\Java\jdk-14\bin\management.dll
0x00007fff78ae0000 - 0x00007fff78aeb000 	C:\Program Files\Java\jdk-14\bin\management_ext.dll
0x00007fff85500000 - 0x00007fff85518000 	C:\Windows\SYSTEM32\CRYPTSP.dll
0x00007fff84c80000 - 0x00007fff84cb4000 	C:\Windows\system32\rsaenh.dll
0x00007fff85bd0000 - 0x00007fff85bf7000 	C:\Windows\System32\bcrypt.dll
0x00007fff85a90000 - 0x00007fff85abe000 	C:\Windows\SYSTEM32\USERENV.dll
0x00007fff85520000 - 0x00007fff8552c000 	C:\Windows\SYSTEM32\CRYPTBASE.dll
0x00007fff85030000 - 0x00007fff8506b000 	C:\Windows\SYSTEM32\IPHLPAPI.DLL
0x00007fff87da0000 - 0x00007fff87da8000 	C:\Windows\System32\NSI.dll
0x00007fff7b870000 - 0x00007fff7b887000 	C:\Windows\SYSTEM32\dhcpcsvc6.DLL
0x00007fff7b940000 - 0x00007fff7b95d000 	C:\Windows\SYSTEM32\dhcpcsvc.DLL
0x00007fff85080000 - 0x00007fff8514c000 	C:\Windows\SYSTEM32\DNSAPI.dll

dbghelp: loaded successfully - version: 4.0.5 - missing functions: none
symbol engine: initialized successfully - sym options: 0x614 - pdb path: .;C:\Program Files\Java\jdk-14\bin;C:\Windows\SYSTEM32;C:\Windows\WinSxS\amd64_microsoft.windows.common-controls_6595b64144ccf1df_6.0.19041.1052_none_60b8f8fd71f5e8cb;C:\Program Files\Java\jdk-14\bin\server;C:\Users\LENOVO\.gradle\native\e1d6ef7f7dcc3fd88c89a11ec53ec762bb8ba0a96d01ffa2cd45eb1d1d8dd5c5\windows-amd64;C:\Users\LENOVO\.gradle\native\jansi\1.18\windows64

VM Arguments:
jvm_args: -Xmx64m -Xms64m -Dorg.gradle.appname=gradlew 
java_command: org.gradle.wrapper.GradleWrapperMain assembleRelease
java_class_path (initial): C:\Users\LENOVO\Desktop\Home\Reactnative\ReactCli\cli4\android\\gradle\wrapper\gradle-wrapper.jar
Launcher Type: SUN_STANDARD

[Global flags]
     intx CICompilerCount                          = 2                                         {product} {ergonomic}
     uint ConcGCThreads                            = 1                                         {product} {ergonomic}
     uint G1ConcRefinementThreads                  = 2                                         {product} {ergonomic}
   size_t G1HeapRegionSize                         = 1048576                                   {product} {ergonomic}
    uintx GCDrainStackTargetSize                   = 64                                        {product} {ergonomic}
   size_t InitialHeapSize                          = 67108864                                  {product} {command line}
   size_t MarkStackSize                            = 4194304                                   {product} {ergonomic}
   size_t MaxHeapSize                              = 67108864                                  {product} {command line}
   size_t MaxNewSize                               = 39845888                                  {product} {ergonomic}
   size_t MinHeapDeltaBytes                        = 1048576                                   {product} {ergonomic}
   size_t MinHeapSize                              = 67108864                                  {product} {command line}
    uintx NonNMethodCodeHeapSize                   = 5826188                                {pd product} {ergonomic}
    uintx NonProfiledCodeHeapSize                  = 122916026                              {pd product} {ergonomic}
    uintx ProfiledCodeHeapSize                     = 122916026                              {pd product} {ergonomic}
    uintx ReservedCodeCacheSize                    = 251658240                              {pd product} {ergonomic}
     bool SegmentedCodeCache                       = true                                      {product} {ergonomic}
   size_t SoftMaxHeapSize                          = 67108864                               {manageable} {ergonomic}
     bool UseCompressedClassPointers               = true                                 {lp64_product} {ergonomic}
     bool UseCompressedOops                        = true                                 {lp64_product} {ergonomic}
     bool UseG1GC                                  = true                                      {product} {ergonomic}
     bool UseLargePagesIndividualAllocation        = false                                  {pd product} {ergonomic}

Logging:
Log output configuration:
 #0: stdout all=warning uptime,level,tags
 #1: stderr all=off uptime,level,tags

Environment Variables:
JAVA_HOME=C:\Program Files\Java\jdk-14
CLASSPATH=C:\Users\LENOVO\Desktop\Home\Reactnative\ReactCli\cli4\android\\gradle\wrapper\gradle-wrapper.jar
PATH=C:\Program Files\Java\jdk-14\bin;C:\Program Files\Common Files\Oracle\Java\javapath;C:\Python310\Scripts\;C:\Python310\;C:\Windows\system32;C:\Windows;C:\Windows\System32\Wbem;C:\Windows\System32\WindowsPowerShell\v1.0\;C:\Windows\System32\OpenSSH\;C:\Program Files\Git\cmd;C:\ProgramData\chocolatey\bin;C:\Program Files\MiKTeX 2.9\miktex\bin\x64\;C:\Program Files\nodejs\;C:\python\Scripts\;C:\python\;C:\platform-tools;C:\Users\LENOVO\AppData\Local\Programs\Microsoft VS Code\bin;C:\flutter\bin;C:\Program Files\JetBrains\PyCharm Community Edition 2021.3\bin;;C:\Users\LENOVO\AppData\Roaming\npm;C:\Program Files\JetBrains\IntelliJ IDEA Community Edition 2022.1\bin;
USERNAME=LENOVO
OS=Windows_NT
PROCESSOR_IDENTIFIER=Intel64 Family 6 Model 122 Stepping 8, GenuineIntel



---------------  S Y S T E M  ---------------

OS: Windows 10 , 64 bit Build 19041 (10.0.19041.1023)
OS uptime: 0 days 2:36 hours

CPU:total 2 (initial active 2) (2 cores per cpu, 1 threads per core) family 6 model 122 stepping 8, cmov, cx8, fxsr, mmx, sse, sse2, sse3, ssse3, sse4.1, sse4.2, popcnt, aes, clmul, erms, 3dnowpref, tsc, tscinvbit, sha

Memory: 4k page, system-wide physical 3899M (285M free)
TotalPageFile size 5282M (AvailPageFile size 6M)
current process WorkingSet (physical memory assigned to process): 85M, peak: 86M
current process commit charge ("private bytes"): 152M, peak: 154M

vm_info: Java HotSpot(TM) 64-Bit Server VM (14+36-1461) for windows-amd64 JRE (14+36-1461), built on Feb  6 2020 19:08:04 by "mach5one" with MS VC++ 15.9 (VS2017)

END.
